This is pdfTeX, Version 3.14159265-2.6-1.40.20 (MiKTeX 2.9.7000 64-bit) (preloaded format=pdflatex 2019.3.18)  10 JUL 2019 14:15
entering extended mode
**./important_linux_commands.tex
(important_linux_commands.tex
LaTeX2e <2018-12-01>
("C:\Users\basva\AppData\Local\Programs\MiKTeX 2.9\tex/latex/base\article.cls"
Document Class: article 2018/09/03 v1.4i Standard LaTeX document class
("C:\Users\basva\AppData\Local\Programs\MiKTeX 2.9\tex/latex/base\size12.clo"
File: size12.clo 2018/09/03 v1.4i Standard LaTeX file (size option)
)
\c@part=\count80
\c@section=\count81
\c@subsection=\count82
\c@subsubsection=\count83
\c@paragraph=\count84
\c@subparagraph=\count85
\c@figure=\count86
\c@table=\count87
\abovecaptionskip=\skip41
\belowcaptionskip=\skip42
\bibindent=\dimen102
)
("C:\Users\basva\AppData\Local\Programs\MiKTeX 2.9\tex/latex/amsmath\amsmath.st
y"
Package: amsmath 2018/12/01 v2.17b AMS math features
\@mathmargin=\skip43

For additional information on amsmath, use the `?' option.

("C:\Users\basva\AppData\Local\Programs\MiKTeX 2.9\tex/latex/amsmath\amstext.st
y"
Package: amstext 2000/06/29 v2.01 AMS text

("C:\Users\basva\AppData\Local\Programs\MiKTeX 2.9\tex/latex/amsmath\amsgen.sty
"
File: amsgen.sty 1999/11/30 v2.0 generic functions
\@emptytoks=\toks14
\ex@=\dimen103
))
("C:\Users\basva\AppData\Local\Programs\MiKTeX 2.9\tex/latex/amsmath\amsbsy.sty
"
Package: amsbsy 1999/11/29 v1.2d Bold Symbols
\pmbraise@=\dimen104
)
("C:\Users\basva\AppData\Local\Programs\MiKTeX 2.9\tex/latex/amsmath\amsopn.sty
"
Package: amsopn 2016/03/08 v2.02 operator names
)
\inf@bad=\count88
LaTeX Info: Redefining \frac on input line 223.
\uproot@=\count89
\leftroot@=\count90
LaTeX Info: Redefining \overline on input line 385.
\classnum@=\count91
\DOTSCASE@=\count92
LaTeX Info: Redefining \ldots on input line 482.
LaTeX Info: Redefining \dots on input line 485.
LaTeX Info: Redefining \cdots on input line 606.
\Mathstrutbox@=\box27
\strutbox@=\box28
\big@size=\dimen105
LaTeX Font Info:    Redeclaring font encoding OML on input line 729.
LaTeX Font Info:    Redeclaring font encoding OMS on input line 730.
\macc@depth=\count93
\c@MaxMatrixCols=\count94
\dotsspace@=\muskip10
\c@parentequation=\count95
\dspbrk@lvl=\count96
\tag@help=\toks15
\row@=\count97
\column@=\count98
\maxfields@=\count99
\andhelp@=\toks16
\eqnshift@=\dimen106
\alignsep@=\dimen107
\tagshift@=\dimen108
\tagwidth@=\dimen109
\totwidth@=\dimen110
\lineht@=\dimen111
\@envbody=\toks17
\multlinegap=\skip44
\multlinetaggap=\skip45
\mathdisplay@stack=\toks18
LaTeX Info: Redefining \[ on input line 2844.
LaTeX Info: Redefining \] on input line 2845.
)
("C:\Users\basva\AppData\Local\Programs\MiKTeX 2.9\tex/latex/amsfonts\amssymb.s
ty"
Package: amssymb 2013/01/14 v3.01 AMS font symbols

("C:\Users\basva\AppData\Local\Programs\MiKTeX 2.9\tex/latex/amsfonts\amsfonts.
sty"
Package: amsfonts 2013/01/14 v3.01 Basic AMSFonts support
\symAMSa=\mathgroup4
\symAMSb=\mathgroup5
LaTeX Font Info:    Overwriting math alphabet `\mathfrak' in version `bold'
(Font)                  U/euf/m/n --> U/euf/b/n on input line 106.
))
("C:\Users\basva\AppData\Local\Programs\MiKTeX 2.9\tex/latex/amscls\amsthm.sty"
Package: amsthm 2017/10/31 v2.20.4
\thm@style=\toks19
\thm@bodyfont=\toks20
\thm@headfont=\toks21
\thm@notefont=\toks22
\thm@headpunct=\toks23
\thm@preskip=\skip46
\thm@postskip=\skip47
\thm@headsep=\skip48
\dth@everypar=\toks24
)
("C:\Users\basva\AppData\Local\Programs\MiKTeX 2.9\tex/latex/preprint\fullpage.
sty"
Package: fullpage 1999/02/23 1.1 (PWD)
\FP@margin=\skip49
)
("C:\Users\basva\AppData\Local\Programs\MiKTeX 2.9\tex/latex/psnfss\times.sty"
Package: times 2005/04/12 PSNFSS-v9.2a (SPQR) 
)
("C:\Users\basva\AppData\Local\Programs\MiKTeX 2.9\tex/latex/pgf/frontendlayer\
tikz.sty"
("C:\Users\basva\AppData\Local\Programs\MiKTeX 2.9\tex/latex/pgf/basiclayer\pgf
.sty"
("C:\Users\basva\AppData\Local\Programs\MiKTeX 2.9\tex/latex/pgf/utilities\pgfr
cs.sty"
("C:\Users\basva\AppData\Local\Programs\MiKTeX 2.9\tex/generic/pgf/utilities\pg
futil-common.tex"
\pgfutil@everybye=\toks25
\pgfutil@tempdima=\dimen112
\pgfutil@tempdimb=\dimen113

("C:\Users\basva\AppData\Local\Programs\MiKTeX 2.9\tex/generic/pgf/utilities\pg
futil-common-lists.tex"))
("C:\Users\basva\AppData\Local\Programs\MiKTeX 2.9\tex/generic/pgf/utilities\pg
futil-latex.def"
\pgfutil@abb=\box29

("C:\Users\basva\AppData\Local\Programs\MiKTeX 2.9\tex/latex/ms\everyshi.sty"
Package: everyshi 2001/05/15 v3.00 EveryShipout Package (MS)
))
("C:\Users\basva\AppData\Local\Programs\MiKTeX 2.9\tex/generic/pgf/utilities\pg
frcs.code.tex"
("C:\Users\basva\AppData\Local\Programs\MiKTeX 2.9\tex/generic/pgf\pgf.revision
.tex")
Package: pgfrcs 2019/02/02 v3.1.1 (3.1.1)
))
Package: pgf 2019/02/02 v3.1.1 (3.1.1)

("C:\Users\basva\AppData\Local\Programs\MiKTeX 2.9\tex/latex/pgf/basiclayer\pgf
core.sty"
("C:\Users\basva\AppData\Local\Programs\MiKTeX 2.9\tex/latex/graphics\graphicx.
sty"
Package: graphicx 2017/06/01 v1.1a Enhanced LaTeX Graphics (DPC,SPQR)

("C:\Users\basva\AppData\Local\Programs\MiKTeX 2.9\tex/latex/graphics\keyval.st
y"
Package: keyval 2014/10/28 v1.15 key=value parser (DPC)
\KV@toks@=\toks26
)
("C:\Users\basva\AppData\Local\Programs\MiKTeX 2.9\tex/latex/graphics\graphics.
sty"
Package: graphics 2017/06/25 v1.2c Standard LaTeX Graphics (DPC,SPQR)

("C:\Users\basva\AppData\Local\Programs\MiKTeX 2.9\tex/latex/graphics\trig.sty"
Package: trig 2016/01/03 v1.10 sin cos tan (DPC)
)
("C:\Users\basva\AppData\Local\Programs\MiKTeX 2.9\tex/latex/graphics-cfg\graph
ics.cfg"
File: graphics.cfg 2016/06/04 v1.11 sample graphics configuration
)
Package graphics Info: Driver file: pdftex.def on input line 99.

("C:\Users\basva\AppData\Local\Programs\MiKTeX 2.9\tex/latex/graphics-def\pdfte
x.def"
File: pdftex.def 2018/01/08 v1.0l Graphics/color driver for pdftex
))
\Gin@req@height=\dimen114
\Gin@req@width=\dimen115
)
("C:\Users\basva\AppData\Local\Programs\MiKTeX 2.9\tex/latex/pgf/systemlayer\pg
fsys.sty"
("C:\Users\basva\AppData\Local\Programs\MiKTeX 2.9\tex/generic/pgf/systemlayer\
pgfsys.code.tex"
Package: pgfsys 2019/02/02 v3.1.1 (3.1.1)

("C:\Users\basva\AppData\Local\Programs\MiKTeX 2.9\tex/generic/pgf/utilities\pg
fkeys.code.tex"
\pgfkeys@pathtoks=\toks27
\pgfkeys@temptoks=\toks28

("C:\Users\basva\AppData\Local\Programs\MiKTeX 2.9\tex/generic/pgf/utilities\pg
fkeysfiltered.code.tex"
\pgfkeys@tmptoks=\toks29
))
\pgf@x=\dimen116
\pgf@y=\dimen117
\pgf@xa=\dimen118
\pgf@ya=\dimen119
\pgf@xb=\dimen120
\pgf@yb=\dimen121
\pgf@xc=\dimen122
\pgf@yc=\dimen123
\w@pgf@writea=\write3
\r@pgf@reada=\read1
\c@pgf@counta=\count100
\c@pgf@countb=\count101
\c@pgf@countc=\count102
\c@pgf@countd=\count103
\t@pgf@toka=\toks30
\t@pgf@tokb=\toks31
\t@pgf@tokc=\toks32
\pgf@sys@id@count=\count104

("C:\Users\basva\AppData\Local\Programs\MiKTeX 2.9\tex/generic/pgf/systemlayer\
pgf.cfg"
File: pgf.cfg 2019/02/02 v3.1.1 (3.1.1)
)
Driver file for pgf: pgfsys-pdftex.def

("C:\Users\basva\AppData\Local\Programs\MiKTeX 2.9\tex/generic/pgf/systemlayer\
pgfsys-pdftex.def"
File: pgfsys-pdftex.def 2019/02/02 v3.1.1 (3.1.1)

("C:\Users\basva\AppData\Local\Programs\MiKTeX 2.9\tex/generic/pgf/systemlayer\
pgfsys-common-pdf.def"
File: pgfsys-common-pdf.def 2019/02/02 v3.1.1 (3.1.1)
)))
("C:\Users\basva\AppData\Local\Programs\MiKTeX 2.9\tex/generic/pgf/systemlayer\
pgfsyssoftpath.code.tex"
File: pgfsyssoftpath.code.tex 2019/02/02 v3.1.1 (3.1.1)
\pgfsyssoftpath@smallbuffer@items=\count105
\pgfsyssoftpath@bigbuffer@items=\count106
)
("C:\Users\basva\AppData\Local\Programs\MiKTeX 2.9\tex/generic/pgf/systemlayer\
pgfsysprotocol.code.tex"
File: pgfsysprotocol.code.tex 2019/02/02 v3.1.1 (3.1.1)
))
("C:\Users\basva\AppData\Local\Programs\MiKTeX 2.9\tex/latex/xcolor\xcolor.sty"
Package: xcolor 2016/05/11 v2.12 LaTeX color extensions (UK)

("C:\Users\basva\AppData\Local\Programs\MiKTeX 2.9\tex/latex/graphics-cfg\color
.cfg"
File: color.cfg 2016/01/02 v1.6 sample color configuration
)
Package xcolor Info: Driver file: pdftex.def on input line 225.
Package xcolor Info: Model `cmy' substituted by `cmy0' on input line 1348.
Package xcolor Info: Model `hsb' substituted by `rgb' on input line 1352.
Package xcolor Info: Model `RGB' extended on input line 1364.
Package xcolor Info: Model `HTML' substituted by `rgb' on input line 1366.
Package xcolor Info: Model `Hsb' substituted by `hsb' on input line 1367.
Package xcolor Info: Model `tHsb' substituted by `hsb' on input line 1368.
Package xcolor Info: Model `HSB' substituted by `hsb' on input line 1369.
Package xcolor Info: Model `Gray' substituted by `gray' on input line 1370.
Package xcolor Info: Model `wave' substituted by `hsb' on input line 1371.
)
("C:\Users\basva\AppData\Local\Programs\MiKTeX 2.9\tex/generic/pgf/basiclayer\p
gfcore.code.tex"
Package: pgfcore 2019/02/02 v3.1.1 (3.1.1)

("C:\Users\basva\AppData\Local\Programs\MiKTeX 2.9\tex/generic/pgf/math\pgfmath
.code.tex"
("C:\Users\basva\AppData\Local\Programs\MiKTeX 2.9\tex/generic/pgf/math\pgfmath
calc.code.tex"
("C:\Users\basva\AppData\Local\Programs\MiKTeX 2.9\tex/generic/pgf/math\pgfmath
util.code.tex")
("C:\Users\basva\AppData\Local\Programs\MiKTeX 2.9\tex/generic/pgf/math\pgfmath
parser.code.tex"
\pgfmath@dimen=\dimen124
\pgfmath@count=\count107
\pgfmath@box=\box30
\pgfmath@toks=\toks33
\pgfmath@stack@operand=\toks34
\pgfmath@stack@operation=\toks35
)
("C:\Users\basva\AppData\Local\Programs\MiKTeX 2.9\tex/generic/pgf/math\pgfmath
functions.code.tex"
("C:\Users\basva\AppData\Local\Programs\MiKTeX 2.9\tex/generic/pgf/math\pgfmath
functions.basic.code.tex")
("C:\Users\basva\AppData\Local\Programs\MiKTeX 2.9\tex/generic/pgf/math\pgfmath
functions.trigonometric.code.tex")
("C:\Users\basva\AppData\Local\Programs\MiKTeX 2.9\tex/generic/pgf/math\pgfmath
functions.random.code.tex")
("C:\Users\basva\AppData\Local\Programs\MiKTeX 2.9\tex/generic/pgf/math\pgfmath
functions.comparison.code.tex")
("C:\Users\basva\AppData\Local\Programs\MiKTeX 2.9\tex/generic/pgf/math\pgfmath
functions.base.code.tex")
("C:\Users\basva\AppData\Local\Programs\MiKTeX 2.9\tex/generic/pgf/math\pgfmath
functions.round.code.tex")
("C:\Users\basva\AppData\Local\Programs\MiKTeX 2.9\tex/generic/pgf/math\pgfmath
functions.misc.code.tex")
("C:\Users\basva\AppData\Local\Programs\MiKTeX 2.9\tex/generic/pgf/math\pgfmath
functions.integerarithmetics.code.tex")))
("C:\Users\basva\AppData\Local\Programs\MiKTeX 2.9\tex/generic/pgf/math\pgfmath
float.code.tex"
\c@pgfmathroundto@lastzeros=\count108
))
("C:\Users\basva\AppData\Local\Programs\MiKTeX 2.9\tex/generic/pgf/basiclayer\p
gfcorepoints.code.tex"
File: pgfcorepoints.code.tex 2019/02/02 v3.1.1 (3.1.1)
\pgf@picminx=\dimen125
\pgf@picmaxx=\dimen126
\pgf@picminy=\dimen127
\pgf@picmaxy=\dimen128
\pgf@pathminx=\dimen129
\pgf@pathmaxx=\dimen130
\pgf@pathminy=\dimen131
\pgf@pathmaxy=\dimen132
\pgf@xx=\dimen133
\pgf@xy=\dimen134
\pgf@yx=\dimen135
\pgf@yy=\dimen136
\pgf@zx=\dimen137
\pgf@zy=\dimen138
)
("C:\Users\basva\AppData\Local\Programs\MiKTeX 2.9\tex/generic/pgf/basiclayer\p
gfcorepathconstruct.code.tex"
File: pgfcorepathconstruct.code.tex 2019/02/02 v3.1.1 (3.1.1)
\pgf@path@lastx=\dimen139
\pgf@path@lasty=\dimen140
)
("C:\Users\basva\AppData\Local\Programs\MiKTeX 2.9\tex/generic/pgf/basiclayer\p
gfcorepathusage.code.tex"
File: pgfcorepathusage.code.tex 2019/02/02 v3.1.1 (3.1.1)
\pgf@shorten@end@additional=\dimen141
\pgf@shorten@start@additional=\dimen142
)
("C:\Users\basva\AppData\Local\Programs\MiKTeX 2.9\tex/generic/pgf/basiclayer\p
gfcorescopes.code.tex"
File: pgfcorescopes.code.tex 2019/02/02 v3.1.1 (3.1.1)
\pgfpic=\box31
\pgf@hbox=\box32
\pgf@layerbox@main=\box33
\pgf@picture@serial@count=\count109
)
("C:\Users\basva\AppData\Local\Programs\MiKTeX 2.9\tex/generic/pgf/basiclayer\p
gfcoregraphicstate.code.tex"
File: pgfcoregraphicstate.code.tex 2019/02/02 v3.1.1 (3.1.1)
\pgflinewidth=\dimen143
)
("C:\Users\basva\AppData\Local\Programs\MiKTeX 2.9\tex/generic/pgf/basiclayer\p
gfcoretransformations.code.tex"
File: pgfcoretransformations.code.tex 2019/02/02 v3.1.1 (3.1.1)
\pgf@pt@x=\dimen144
\pgf@pt@y=\dimen145
\pgf@pt@temp=\dimen146
)
("C:\Users\basva\AppData\Local\Programs\MiKTeX 2.9\tex/generic/pgf/basiclayer\p
gfcorequick.code.tex"
File: pgfcorequick.code.tex 2019/02/02 v3.1.1 (3.1.1)
)
("C:\Users\basva\AppData\Local\Programs\MiKTeX 2.9\tex/generic/pgf/basiclayer\p
gfcoreobjects.code.tex"
File: pgfcoreobjects.code.tex 2019/02/02 v3.1.1 (3.1.1)
)
("C:\Users\basva\AppData\Local\Programs\MiKTeX 2.9\tex/generic/pgf/basiclayer\p
gfcorepathprocessing.code.tex"
File: pgfcorepathprocessing.code.tex 2019/02/02 v3.1.1 (3.1.1)
)
("C:\Users\basva\AppData\Local\Programs\MiKTeX 2.9\tex/generic/pgf/basiclayer\p
gfcorearrows.code.tex"
File: pgfcorearrows.code.tex 2019/02/02 v3.1.1 (3.1.1)
\pgfarrowsep=\dimen147
)
("C:\Users\basva\AppData\Local\Programs\MiKTeX 2.9\tex/generic/pgf/basiclayer\p
gfcoreshade.code.tex"
File: pgfcoreshade.code.tex 2019/02/02 v3.1.1 (3.1.1)
\pgf@max=\dimen148
\pgf@sys@shading@range@num=\count110
)
("C:\Users\basva\AppData\Local\Programs\MiKTeX 2.9\tex/generic/pgf/basiclayer\p
gfcoreimage.code.tex"
File: pgfcoreimage.code.tex 2019/02/02 v3.1.1 (3.1.1)

("C:\Users\basva\AppData\Local\Programs\MiKTeX 2.9\tex/generic/pgf/basiclayer\p
gfcoreexternal.code.tex"
File: pgfcoreexternal.code.tex 2019/02/02 v3.1.1 (3.1.1)
\pgfexternal@startupbox=\box34
))
("C:\Users\basva\AppData\Local\Programs\MiKTeX 2.9\tex/generic/pgf/basiclayer\p
gfcorelayers.code.tex"
File: pgfcorelayers.code.tex 2019/02/02 v3.1.1 (3.1.1)
)
("C:\Users\basva\AppData\Local\Programs\MiKTeX 2.9\tex/generic/pgf/basiclayer\p
gfcoretransparency.code.tex"
File: pgfcoretransparency.code.tex 2019/02/02 v3.1.1 (3.1.1)
)
("C:\Users\basva\AppData\Local\Programs\MiKTeX 2.9\tex/generic/pgf/basiclayer\p
gfcorepatterns.code.tex"
File: pgfcorepatterns.code.tex 2019/02/02 v3.1.1 (3.1.1)
)
("C:\Users\basva\AppData\Local\Programs\MiKTeX 2.9\tex/generic/pgf/basiclayer\p
gfcorerdf.code.tex"
File: pgfcorerdf.code.tex 2019/02/02 v3.1.1 (3.1.1)
)))
("C:\Users\basva\AppData\Local\Programs\MiKTeX 2.9\tex/generic/pgf/modules\pgfm
oduleshapes.code.tex"
File: pgfmoduleshapes.code.tex 2019/02/02 v3.1.1 (3.1.1)
\pgfnodeparttextbox=\box35
)
("C:\Users\basva\AppData\Local\Programs\MiKTeX 2.9\tex/generic/pgf/modules\pgfm
oduleplot.code.tex"
File: pgfmoduleplot.code.tex 2019/02/02 v3.1.1 (3.1.1)
)
("C:\Users\basva\AppData\Local\Programs\MiKTeX 2.9\tex/latex/pgf/compatibility\
pgfcomp-version-0-65.sty"
Package: pgfcomp-version-0-65 2019/02/02 v3.1.1 (3.1.1)
\pgf@nodesepstart=\dimen149
\pgf@nodesepend=\dimen150
)
("C:\Users\basva\AppData\Local\Programs\MiKTeX 2.9\tex/latex/pgf/compatibility\
pgfcomp-version-1-18.sty"
Package: pgfcomp-version-1-18 2019/02/02 v3.1.1 (3.1.1)
))
("C:\Users\basva\AppData\Local\Programs\MiKTeX 2.9\tex/latex/pgf/utilities\pgff
or.sty"
("C:\Users\basva\AppData\Local\Programs\MiKTeX 2.9\tex/latex/pgf/utilities\pgfk
eys.sty"
("C:\Users\basva\AppData\Local\Programs\MiKTeX 2.9\tex/generic/pgf/utilities\pg
fkeys.code.tex"))
("C:\Users\basva\AppData\Local\Programs\MiKTeX 2.9\tex/latex/pgf/math\pgfmath.s
ty"
("C:\Users\basva\AppData\Local\Programs\MiKTeX 2.9\tex/generic/pgf/math\pgfmath
.code.tex"))
("C:\Users\basva\AppData\Local\Programs\MiKTeX 2.9\tex/generic/pgf/utilities\pg
ffor.code.tex"
Package: pgffor 2019/02/02 v3.1.1 (3.1.1)

("C:\Users\basva\AppData\Local\Programs\MiKTeX 2.9\tex/generic/pgf/math\pgfmath
.code.tex")
\pgffor@iter=\dimen151
\pgffor@skip=\dimen152
\pgffor@stack=\toks36
\pgffor@toks=\toks37
))
("C:\Users\basva\AppData\Local\Programs\MiKTeX 2.9\tex/generic/pgf/frontendlaye
r/tikz\tikz.code.tex"
Package: tikz 2019/02/02 v3.1.1 (3.1.1)

("C:\Users\basva\AppData\Local\Programs\MiKTeX 2.9\tex/generic/pgf/libraries\pg
flibraryplothandlers.code.tex"
File: pgflibraryplothandlers.code.tex 2019/02/02 v3.1.1 (3.1.1)
\pgf@plot@mark@count=\count111
\pgfplotmarksize=\dimen153
)
\tikz@lastx=\dimen154
\tikz@lasty=\dimen155
\tikz@lastxsaved=\dimen156
\tikz@lastysaved=\dimen157
\tikzleveldistance=\dimen158
\tikzsiblingdistance=\dimen159
\tikz@figbox=\box36
\tikz@figbox@bg=\box37
\tikz@tempbox=\box38
\tikz@tempbox@bg=\box39
\tikztreelevel=\count112
\tikznumberofchildren=\count113
\tikznumberofcurrentchild=\count114
\tikz@fig@count=\count115

("C:\Users\basva\AppData\Local\Programs\MiKTeX 2.9\tex/generic/pgf/modules\pgfm
odulematrix.code.tex"
File: pgfmodulematrix.code.tex 2019/02/02 v3.1.1 (3.1.1)
\pgfmatrixcurrentrow=\count116
\pgfmatrixcurrentcolumn=\count117
\pgf@matrix@numberofcolumns=\count118
)
\tikz@expandcount=\count119

("C:\Users\basva\AppData\Local\Programs\MiKTeX 2.9\tex/generic/pgf/frontendlaye
r/tikz/libraries\tikzlibrarytopaths.code.tex"
File: tikzlibrarytopaths.code.tex 2019/02/02 v3.1.1 (3.1.1)
)))
("C:\Users\basva\AppData\Local\Programs\MiKTeX 2.9\tex/latex/caption\caption.st
y"
Package: caption 2018/10/06 v3.3-154 Customizing captions (AR)

("C:\Users\basva\AppData\Local\Programs\MiKTeX 2.9\tex/latex/caption\caption3.s
ty"
Package: caption3 2018/09/12 v1.8c caption3 kernel (AR)
Package caption3 Info: TeX engine: e-TeX on input line 64.
\captionmargin=\dimen160
\captionmargin@=\dimen161
\captionwidth=\dimen162
\caption@tempdima=\dimen163
\caption@indent=\dimen164
\caption@parindent=\dimen165
\caption@hangindent=\dimen166
)
\c@caption@flags=\count120
\c@ContinuedFloat=\count121
)
("C:\Users\basva\AppData\Local\Programs\MiKTeX 2.9\tex/generic/pgf/frontendlaye
r/tikz/libraries\tikzlibraryarrows.code.tex"
File: tikzlibraryarrows.code.tex 2019/02/02 v3.1.1 (3.1.1)

("C:\Users\basva\AppData\Local\Programs\MiKTeX 2.9\tex/generic/pgf/libraries\pg
flibraryarrows.code.tex"
File: pgflibraryarrows.code.tex 2019/02/02 v3.1.1 (3.1.1)
\arrowsize=\dimen167
))
("C:\Users\basva\AppData\Local\Programs\MiKTeX 2.9\tex/latex/tools\verbatim.sty
"
Package: verbatim 2014/10/28 v1.5q LaTeX2e package for verbatim enhancements
\every@verbatim=\toks38
\verbatim@line=\toks39
\verbatim@in@stream=\read2
) ("C:\Users\basva\AppData\Local\Programs\MiKTeX 2.9\tex/latex/tools\array.sty"
Package: array 2018/12/30 v2.4k Tabular extension package (FMi)
\col@sep=\dimen168
\ar@mcellbox=\box40
\extrarowheight=\dimen169
\NC@list=\toks40
\extratabsurround=\skip50
\backup@length=\skip51
\ar@cellbox=\box41
)
("C:\Users\basva\AppData\Local\Programs\MiKTeX 2.9\tex/latex/booktabs\booktabs.
sty"
Package: booktabs 2005/04/14 v1.61803 publication quality tables
\heavyrulewidth=\dimen170
\lightrulewidth=\dimen171
\cmidrulewidth=\dimen172
\belowrulesep=\dimen173
\belowbottomsep=\dimen174
\aboverulesep=\dimen175
\abovetopsep=\dimen176
\cmidrulesep=\dimen177
\cmidrulekern=\dimen178
\defaultaddspace=\dimen179
\@cmidla=\count122
\@cmidlb=\count123
\@aboverulesep=\dimen180
\@belowrulesep=\dimen181
\@thisruleclass=\count124
\@lastruleclass=\count125
\@thisrulewidth=\dimen182
)
("C:\Users\basva\AppData\Local\Programs\MiKTeX 2.9\tex/latex/multirow\bigstrut.
sty"
Package: bigstrut 2019/01/01 v2.4 Provide larger struts in tabulars
\bigstrutjot=\dimen183
)
("C:\Users\basva\AppData\Local\Programs\MiKTeX 2.9\tex/latex/tcolorbox\tcolorbo
x.sty"
Package: tcolorbox 2019/03/02 version 4.20 text color boxes

("C:\Users\basva\AppData\Local\Programs\MiKTeX 2.9\tex/latex/environ\environ.st
y"
Package: environ 2014/05/04 v0.3 A new way to define environments

("C:\Users\basva\AppData\Local\Programs\MiKTeX 2.9\tex/latex/trimspaces\trimspa
ces.sty"
Package: trimspaces 2009/09/17 v1.1 Trim spaces around a token list
))
("C:\Users\basva\AppData\Local\Programs\MiKTeX 2.9\tex/latex/etoolbox\etoolbox.
sty"
Package: etoolbox 2018/08/19 v2.5f e-TeX tools for LaTeX (JAW)
\etb@tempcnta=\count126
)
\tcb@titlebox=\box42
\tcb@upperbox=\box43
\tcb@lowerbox=\box44
\tcb@phantombox=\box45
\c@tcbbreakpart=\count127
\c@tcblayer=\count128
\tcolorbox@number=\count129
\tcb@temp=\box46
\tcb@temp=\box47
\tcb@temp=\box48
\tcb@temp=\box49
\tcb@out=\write4
\tcb@record@out=\write5
)
("C:\Users\basva\AppData\Local\Programs\MiKTeX 2.9\tex/latex/mathtools\mathtool
s.sty"
Package: mathtools 2018/01/08 v1.21 mathematical typesetting tools

("C:\Users\basva\AppData\Local\Programs\MiKTeX 2.9\tex/latex/tools\calc.sty"
Package: calc 2017/05/25 v4.3 Infix arithmetic (KKT,FJ)
\calc@Acount=\count130
\calc@Bcount=\count131
\calc@Adimen=\dimen184
\calc@Bdimen=\dimen185
\calc@Askip=\skip52
\calc@Bskip=\skip53
LaTeX Info: Redefining \setlength on input line 80.
LaTeX Info: Redefining \addtolength on input line 81.
\calc@Ccount=\count132
\calc@Cskip=\skip54
)
("C:\Users\basva\AppData\Local\Programs\MiKTeX 2.9\tex/latex/mathtools\mhsetup.
sty"
Package: mhsetup 2017/03/31 v1.3 programming setup (MH)
)
LaTeX Info: Thecontrolsequence`\('isalreadyrobust on input line 129.
LaTeX Info: Thecontrolsequence`\)'isalreadyrobust on input line 129.
LaTeX Info: Thecontrolsequence`\['isalreadyrobust on input line 129.
LaTeX Info: Thecontrolsequence`\]'isalreadyrobust on input line 129.
\g_MT_multlinerow_int=\count133
\l_MT_multwidth_dim=\dimen186
\origjot=\skip55
\l_MT_shortvdotswithinadjustabove_dim=\dimen187
\l_MT_shortvdotswithinadjustbelow_dim=\dimen188
\l_MT_above_intertext_sep=\dimen189
\l_MT_below_intertext_sep=\dimen190
\l_MT_above_shortintertext_sep=\dimen191
\l_MT_below_shortintertext_sep=\dimen192
)
("C:\Users\basva\AppData\Local\Programs\MiKTeX 2.9\tex/latex/listings\listings.
sty"
\lst@mode=\count134
\lst@gtempboxa=\box50
\lst@token=\toks41
\lst@length=\count135
\lst@currlwidth=\dimen193
\lst@column=\count136
\lst@pos=\count137
\lst@lostspace=\dimen194
\lst@width=\dimen195
\lst@newlines=\count138
\lst@lineno=\count139
\lst@maxwidth=\dimen196

("C:\Users\basva\AppData\Local\Programs\MiKTeX 2.9\tex/latex/listings\lstmisc.s
ty"
File: lstmisc.sty 2019/02/27 1.8b (Carsten Heinz)
\c@lstnumber=\count140
\lst@skipnumbers=\count141
\lst@framebox=\box51
)
("C:\Users\basva\AppData\Local\Programs\MiKTeX 2.9\tex/latex/listings\listings.
cfg"
File: listings.cfg 2019/02/27 1.8b listings configuration
))
Package: listings 2019/02/27 1.8b (Carsten Heinz)

("C:\Users\basva\AppData\Local\Programs\MiKTeX 2.9\tex/latex/hyperref\hyperref.
sty"
Package: hyperref 2018/11/30 v6.88e Hypertext links for LaTeX

("C:\Users\basva\AppData\Local\Programs\MiKTeX 2.9\tex/generic/oberdiek\hobsub-
hyperref.sty"
Package: hobsub-hyperref 2016/05/16 v1.14 Bundle oberdiek, subset hyperref (HO)


("C:\Users\basva\AppData\Local\Programs\MiKTeX 2.9\tex/generic/oberdiek\hobsub-
generic.sty"
Package: hobsub-generic 2016/05/16 v1.14 Bundle oberdiek, subset generic (HO)
Package: hobsub 2016/05/16 v1.14 Construct package bundles (HO)
Package: infwarerr 2016/05/16 v1.4 Providing info/warning/error messages (HO)
Package: ltxcmds 2016/05/16 v1.23 LaTeX kernel commands for general use (HO)
Package: ifluatex 2016/05/16 v1.4 Provides the ifluatex switch (HO)
Package ifluatex Info: LuaTeX not detected.
Package: ifvtex 2016/05/16 v1.6 Detect VTeX and its facilities (HO)
Package ifvtex Info: VTeX not detected.
Package: intcalc 2016/05/16 v1.2 Expandable calculations with integers (HO)
Package: ifpdf 2018/09/07 v3.3 Provides the ifpdf switch
Package: etexcmds 2016/05/16 v1.6 Avoid name clashes with e-TeX commands (HO)
Package: kvsetkeys 2016/05/16 v1.17 Key value parser (HO)
Package: kvdefinekeys 2016/05/16 v1.4 Define keys (HO)
Package: pdftexcmds 2018/09/10 v0.29 Utility functions of pdfTeX for LuaTeX (HO
)
Package pdftexcmds Info: LuaTeX not detected.
Package pdftexcmds Info: \pdf@primitive is available.
Package pdftexcmds Info: \pdf@ifprimitive is available.
Package pdftexcmds Info: \pdfdraftmode found.
Package: pdfescape 2016/05/16 v1.14 Implements pdfTeX's escape features (HO)
Package: bigintcalc 2016/05/16 v1.4 Expandable calculations on big integers (HO
)
Package: bitset 2016/05/16 v1.2 Handle bit-vector datatype (HO)
Package: uniquecounter 2016/05/16 v1.3 Provide unlimited unique counter (HO)
)
Package hobsub Info: Skipping package `hobsub' (already loaded).
Package: letltxmacro 2016/05/16 v1.5 Let assignment for LaTeX macros (HO)
Package: hopatch 2016/05/16 v1.3 Wrapper for package hooks (HO)
Package: xcolor-patch 2016/05/16 xcolor patch
Package: atveryend 2016/05/16 v1.9 Hooks at the very end of document (HO)
Package: atbegshi 2016/06/09 v1.18 At begin shipout hook (HO)
Package: refcount 2016/05/16 v3.5 Data extraction from label references (HO)
Package: hycolor 2016/05/16 v1.8 Color options for hyperref/bookmark (HO)
)
("C:\Users\basva\AppData\Local\Programs\MiKTeX 2.9\tex/generic/ifxetex\ifxetex.
sty"
Package: ifxetex 2010/09/12 v0.6 Provides ifxetex conditional
)
("C:\Users\basva\AppData\Local\Programs\MiKTeX 2.9\tex/latex/oberdiek\auxhook.s
ty"
Package: auxhook 2016/05/16 v1.4 Hooks for auxiliary files (HO)
)
("C:\Users\basva\AppData\Local\Programs\MiKTeX 2.9\tex/latex/oberdiek\kvoptions
.sty"
Package: kvoptions 2016/05/16 v3.12 Key value format for package options (HO)
)
\@linkdim=\dimen197
\Hy@linkcounter=\count142
\Hy@pagecounter=\count143

("C:\Users\basva\AppData\Local\Programs\MiKTeX 2.9\tex/latex/hyperref\pd1enc.de
f"
File: pd1enc.def 2018/11/30 v6.88e Hyperref: PDFDocEncoding definition (HO)
Now handling font encoding PD1 ...
... no UTF-8 mapping file for font encoding PD1
)
\Hy@SavedSpaceFactor=\count144

("C:\Users\basva\AppData\Local\Programs\MiKTeX 2.9\tex/latex/00miktex\hyperref.
cfg"
File: hyperref.cfg 2002/06/06 v1.2 hyperref configuration of TeXLive
)
Package hyperref Info: Option `colorlinks' set `true' on input line 4393.
Package hyperref Info: Hyper figures OFF on input line 4519.
Package hyperref Info: Link nesting OFF on input line 4524.
Package hyperref Info: Hyper index ON on input line 4527.
Package hyperref Info: Plain pages OFF on input line 4534.
Package hyperref Info: Backreferencing OFF on input line 4539.
Package hyperref Info: Implicit mode ON; LaTeX internals redefined.
Package hyperref Info: Bookmarks ON on input line 4772.
\c@Hy@tempcnt=\count145
 ("C:\Users\basva\AppData\Local\Programs\MiKTeX 2.9\tex/latex/url\url.sty"
\Urlmuskip=\muskip11
Package: url 2013/09/16  ver 3.4  Verb mode for urls, etc.
)
LaTeX Info: Redefining \url on input line 5125.
\XeTeXLinkMargin=\dimen198
\Fld@menulength=\count146
\Field@Width=\dimen199
\Fld@charsize=\dimen256
Package hyperref Info: Hyper figures OFF on input line 6380.
Package hyperref Info: Link nesting OFF on input line 6385.
Package hyperref Info: Hyper index ON on input line 6388.
Package hyperref Info: backreferencing OFF on input line 6395.
Package hyperref Info: Link coloring ON on input line 6398.
Package hyperref Info: Link coloring with OCG OFF on input line 6405.
Package hyperref Info: PDF/A mode OFF on input line 6410.
LaTeX Info: Redefining \ref on input line 6450.
LaTeX Info: Redefining \pageref on input line 6454.
\Hy@abspage=\count147
\c@Item=\count148
\c@Hfootnote=\count149
)
Package hyperref Info: Driver (autodetected): hpdftex.

("C:\Users\basva\AppData\Local\Programs\MiKTeX 2.9\tex/latex/hyperref\hpdftex.d
ef"
File: hpdftex.def 2018/11/30 v6.88e Hyperref driver for pdfTeX
\Fld@listcount=\count150
\c@bookmark@seq@number=\count151

("C:\Users\basva\AppData\Local\Programs\MiKTeX 2.9\tex/latex/oberdiek\rerunfile
check.sty"
Package: rerunfilecheck 2016/05/16 v1.8 Rerun checks for auxiliary files (HO)
Package uniquecounter Info: New unique counter `rerunfilecheck' on input line 2
82.
)
\Hy@SectionHShift=\skip56
)
("C:\Users\basva\AppData\Local\Programs\MiKTeX 2.9\tex/latex/texpower\texpower.
sty"
Package: texpower 2005/04/08 v0.2 Create Dynamic Presentations with LaTeX.

("C:\Users\basva\AppData\Local\Programs\MiKTeX 2.9\tex/latex/base\ifthen.sty"
Package: ifthen 2014/09/29 v1.1c Standard LaTeX ifthen package (DPC)
)
("C:\Users\basva\AppData\Local\Programs\MiKTeX 2.9\tex/latex/texpower\tpoptions
.cfg")
Package texpower Info: Producing display version. Dynamic features activated. o
n input line 76.
\c@tmpcnta@TP=\count152
\c@tmpcntb@TP=\count153
\tempdima@TP=\skip57
\tempdimb@TP=\skip58
\tempbox@TP=\box52
\pbox@TP=\box53
\c@stripe@TP=\count154
\c@stripes@TP=\count155
\c@gradprogression@TP=\count156
\c@dgradhslope@TP=\count157
\c@dgradvslope@TP=\count158
\bgndbox@TP=\box54
\mempageconts@TP=\box55
\memfootins@TP=\insert252
\memoutput@TP=\toks42
\c@totalsteps=\count159
\c@firststep=\count160
\c@step=\count161
\c@stepcommand=\count162
\c@stepsperformed=\count163
\highlightboxsep=\skip59
\c@substep=\count164
\c@o@fs@TP=\count165
\ep@TP=\toks43
\texpower@verbatimfileout=\write6

("C:\Users\basva\AppData\Local\Programs\MiKTeX 2.9\tex/latex/texpower\tpsetting
s.cfg"))
("C:\Users\basva\AppData\Local\Programs\MiKTeX 2.9\tex/latex/lm\lmodern.sty"
Package: lmodern 2009/10/30 v1.6 Latin Modern Fonts
LaTeX Font Info:    Overwriting symbol font `operators' in version `normal'
(Font)                  OT1/cmr/m/n --> OT1/lmr/m/n on input line 22.
LaTeX Font Info:    Overwriting symbol font `letters' in version `normal'
(Font)                  OML/cmm/m/it --> OML/lmm/m/it on input line 23.
LaTeX Font Info:    Overwriting symbol font `symbols' in version `normal'
(Font)                  OMS/cmsy/m/n --> OMS/lmsy/m/n on input line 24.
LaTeX Font Info:    Overwriting symbol font `largesymbols' in version `normal'
(Font)                  OMX/cmex/m/n --> OMX/lmex/m/n on input line 25.
LaTeX Font Info:    Overwriting symbol font `operators' in version `bold'
(Font)                  OT1/cmr/bx/n --> OT1/lmr/bx/n on input line 26.
LaTeX Font Info:    Overwriting symbol font `letters' in version `bold'
(Font)                  OML/cmm/b/it --> OML/lmm/b/it on input line 27.
LaTeX Font Info:    Overwriting symbol font `symbols' in version `bold'
(Font)                  OMS/cmsy/b/n --> OMS/lmsy/b/n on input line 28.
LaTeX Font Info:    Overwriting symbol font `largesymbols' in version `bold'
(Font)                  OMX/cmex/m/n --> OMX/lmex/m/n on input line 29.
LaTeX Font Info:    Overwriting math alphabet `\mathbf' in version `normal'
(Font)                  OT1/cmr/bx/n --> OT1/lmr/bx/n on input line 31.
LaTeX Font Info:    Overwriting math alphabet `\mathsf' in version `normal'
(Font)                  OT1/cmss/m/n --> OT1/lmss/m/n on input line 32.
LaTeX Font Info:    Overwriting math alphabet `\mathit' in version `normal'
(Font)                  OT1/cmr/m/it --> OT1/lmr/m/it on input line 33.
LaTeX Font Info:    Overwriting math alphabet `\mathtt' in version `normal'
(Font)                  OT1/cmtt/m/n --> OT1/lmtt/m/n on input line 34.
LaTeX Font Info:    Overwriting math alphabet `\mathbf' in version `bold'
(Font)                  OT1/cmr/bx/n --> OT1/lmr/bx/n on input line 35.
LaTeX Font Info:    Overwriting math alphabet `\mathsf' in version `bold'
(Font)                  OT1/cmss/bx/n --> OT1/lmss/bx/n on input line 36.
LaTeX Font Info:    Overwriting math alphabet `\mathit' in version `bold'
(Font)                  OT1/cmr/bx/it --> OT1/lmr/bx/it on input line 37.
LaTeX Font Info:    Overwriting math alphabet `\mathtt' in version `bold'
(Font)                  OT1/cmtt/m/n --> OT1/lmtt/m/n on input line 38.
)
\mylena=\skip60
\mylenb=\skip61
\c@theorem=\count166
\c@definition=\count167
\c@lemma=\count168
\c@corollary=\count169
\c@prob=\count170
\c@ques=\count171
\c@ex=\count172
\c@remark=\count173

(important_linux_commands.aux)
\openout1 = `important_linux_commands.aux'.

LaTeX Font Info:    Checking defaults for OML/cmm/m/it on input line 85.
LaTeX Font Info:    ... okay on input line 85.
LaTeX Font Info:    Checking defaults for T1/cmr/m/n on input line 85.
LaTeX Font Info:    ... okay on input line 85.
LaTeX Font Info:    Checking defaults for OT1/cmr/m/n on input line 85.
LaTeX Font Info:    ... okay on input line 85.
LaTeX Font Info:    Checking defaults for OMS/cmsy/m/n on input line 85.
LaTeX Font Info:    ... okay on input line 85.
LaTeX Font Info:    Checking defaults for OMX/cmex/m/n on input line 85.
LaTeX Font Info:    ... okay on input line 85.
LaTeX Font Info:    Checking defaults for U/cmr/m/n on input line 85.
LaTeX Font Info:    ... okay on input line 85.
LaTeX Font Info:    Checking defaults for PD1/pdf/m/n on input line 85.
LaTeX Font Info:    ... okay on input line 85.
LaTeX Font Info:    Try loading font information for OT1+lmr on input line 85.

("C:\Users\basva\AppData\Local\Programs\MiKTeX 2.9\tex/latex/lm\ot1lmr.fd"
File: ot1lmr.fd 2009/10/30 v1.6 Font defs for Latin Modern
)
ABD: EveryShipout initializing macros
("C:\Users\basva\AppData\Local\Programs\MiKTeX 2.9\tex/context/base/mkii\supp-p
df.mkii"
[Loading MPS to PDF converter (version 2006.09.02).]
\scratchcounter=\count174
\scratchdimen=\dimen257
\scratchbox=\box56
\nofMPsegments=\count175
\nofMParguments=\count176
\everyMPshowfont=\toks44
\MPscratchCnt=\count177
\MPscratchDim=\dimen258
\MPnumerator=\count178
\makeMPintoPDFobject=\count179
\everyMPtoPDFconversion=\toks45
)
("C:\Users\basva\AppData\Local\Programs\MiKTeX 2.9\tex/latex/oberdiek\epstopdf-
base.sty"
Package: epstopdf-base 2016/05/15 v2.6 Base part for package epstopdf

("C:\Users\basva\AppData\Local\Programs\MiKTeX 2.9\tex/latex/oberdiek\grfext.st
y"
Package: grfext 2016/05/16 v1.2 Manage graphics extensions (HO)
)
Package epstopdf-base Info: Redefining graphics rule for `.eps' on input line 4
38.
Package grfext Info: Graphics extension search list:
(grfext)             [.pdf,.png,.jpg,.mps,.jpeg,.jbig2,.jb2,.PDF,.PNG,.JPG,.JPE
G,.JBIG2,.JB2,.eps]
(grfext)             \AppendGraphicsExtensions on input line 456.
)
Package caption Info: Begin \AtBeginDocument code.
Package caption Info: hyperref package is loaded.
Package caption Info: listings package is loaded.
Package caption Info: End \AtBeginDocument code.
\c@lstlisting=\count180
\AtBeginShipoutBox=\box57
Package hyperref Info: Link coloring ON on input line 85.

("C:\Users\basva\AppData\Local\Programs\MiKTeX 2.9\tex/latex/hyperref\nameref.s
ty"
Package: nameref 2016/05/21 v2.44 Cross-referencing by name of section

("C:\Users\basva\AppData\Local\Programs\MiKTeX 2.9\tex/generic/oberdiek\gettitl
estring.sty"
Package: gettitlestring 2016/05/16 v1.5 Cleanup title references (HO)
)
\c@section@level=\count181
)
LaTeX Info: Redefining \ref on input line 85.
LaTeX Info: Redefining \pageref on input line 85.
LaTeX Info: Redefining \nameref on input line 85.
 (important_linux_commands.out) (important_linux_commands.out)
\@outlinefile=\write7
\openout7 = `important_linux_commands.out'.

Package texpower Info: Package soul not loaded.
(texpower)             Command \hidetext disabled on input line 85.
Package texpower Info: Package soul not loaded.
(texpower)             Command \highlighttext disabled on input line 85.
LaTeX Font Info:    Calculating math sizes for size <16> on input line 101.
LaTeX Font Info:    Try loading font information for OML+lmm on input line 101.


("C:\Users\basva\AppData\Local\Programs\MiKTeX 2.9\tex/latex/lm\omllmm.fd"
File: omllmm.fd 2009/10/30 v1.6 Font defs for Latin Modern
)
LaTeX Font Info:    Try loading font information for OMS+lmsy on input line 101
.

("C:\Users\basva\AppData\Local\Programs\MiKTeX 2.9\tex/latex/lm\omslmsy.fd"
File: omslmsy.fd 2009/10/30 v1.6 Font defs for Latin Modern
)
LaTeX Font Info:    Try loading font information for OMX+lmex on input line 101
.

("C:\Users\basva\AppData\Local\Programs\MiKTeX 2.9\tex/latex/lm\omxlmex.fd"
File: omxlmex.fd 2009/10/30 v1.6 Font defs for Latin Modern
)
LaTeX Font Info:    External font `lmex10' loaded for size
(Font)              <16> on input line 101.
LaTeX Font Info:    External font `lmex10' loaded for size
(Font)              <11.19995> on input line 101.
LaTeX Font Info:    External font `lmex10' loaded for size
(Font)              <8> on input line 101.
LaTeX Font Info:    Try loading font information for U+msa on input line 101.

("C:\Users\basva\AppData\Local\Programs\MiKTeX 2.9\tex/latex/amsfonts\umsa.fd"
File: umsa.fd 2013/01/14 v3.01 AMS symbols A
)
LaTeX Font Info:    Try loading font information for U+msb on input line 101.
("C:\Users\basva\AppData\Local\Programs\MiKTeX 2.9\tex/latex/amsfonts\umsb.fd"
File: umsb.fd 2013/01/14 v3.01 AMS symbols B
)
LaTeX Font Info:    External font `lmex10' loaded for size
(Font)              <14.4> on input line 101.
LaTeX Font Info:    External font `lmex10' loaded for size
(Font)              <10> on input line 101.
LaTeX Font Info:    External font `lmex10' loaded for size
(Font)              <7> on input line 101.

LaTeX Warning: No \author given.

LaTeX Font Info:    External font `lmex10' loaded for size
(Font)              <12> on input line 119.
LaTeX Font Info:    External font `lmex10' loaded for size
(Font)              <6> on input line 119.
LaTeX Font Info:    Try loading font information for OML+lmr on input line 123.

("C:\Users\basva\AppData\Local\Programs\MiKTeX 2.9\tex/latex/lm\omllmr.fd"
File: omllmr.fd 2009/10/30 v1.6 Font defs for Latin Modern
)
LaTeX Font Info:    Font shape `OML/lmr/m/n' in size <12> not available
(Font)              Font shape `OML/lmm/m/it' tried instead on input line 123.

[1

{C:/Users/basva/AppData/Local/MiKTeX/2.9/pdftex/config/pdftex.map}]
Package atveryend Info: Empty hook `BeforeClearDocument' on input line 146.
Package atveryend Info: Empty hook `AfterLastShipout' on input line 146.

(important_linux_commands.aux)
Package atveryend Info: Executing hook `AtVeryEndDocument' on input line 146.
Package atveryend Info: Executing hook `AtEndAfterFileList' on input line 146.
Package rerunfilecheck Info: File `important_linux_commands.out' has not change
d.
(rerunfilecheck)             Checksum: D41D8CD98F00B204E9800998ECF8427E;0.
 ) 
Here is how much of TeX's memory you used:
 22802 strings out of 492945
 434471 string characters out of 3126252
 496559 words of memory out of 3000000
 26320 multiletter control sequences out of 15000+200000
 49369 words of font info for 60 fonts, out of 3000000 for 9000
 1141 hyphenation exceptions out of 8191
 55i,7n,73p,856b,1492s stack positions out of 5000i,500n,10000p,200000b,50000s
{C:/Users/basva/AppData/Local/Programs/MiKTeX 2.9/fonts/enc/dvips/lm/lm-mathi
t.enc}{C:/Users/basva/AppData/Local/Programs/MiKTeX 2.9/fonts/enc/dvips/lm/lm-m
athsy.enc}{C:/Users/basva/AppData/Local/Programs/MiKTeX 2.9/fonts/enc/dvips/lm/
lm-rm.enc}<C:/Users/basva/AppData/Local/Programs/MiKTeX 2.9/fonts/type1/public/
lm/lmbx12.pfb><C:/Users/basva/AppData/Local/Programs/MiKTeX 2.9/fonts/type1/pub
lic/lm/lmmi12.pfb><C:/Users/basva/AppData/Local/Programs/MiKTeX 2.9/fonts/type1
/public/lm/lmr12.pfb><C:/Users/basva/AppData/Local/Programs/MiKTeX 2.9/fonts/ty
pe1/public/lm/lmri12.pfb><C:/Users/basva/AppData/Local/Programs/MiKTeX 2.9/font
s/type1/public/lm/lmsy10.pfb>
Output written on important_linux_commands.pdf (1 page, 83491 bytes).
PDF statistics:
 48 PDF objects out of 1000 (max. 8388607)
 11 named destinations out of 1000 (max. 500000)
 13 words of extra memory for PDF output out of 10000 (max. 10000000)

